{"D:\\Test\\aoe\\card-game-react-typescript\\src\\App.tsx": {"path":"D:\\Test\\aoe\\card-game-react-typescript\\src\\App.tsx","statementMap":{"0":{"start":{"line":7,"column":12},"end":{"line":15,"column":1}},"1":{"start":{"line":8,"column":2},"end":{"line":14,"column":4}}},"fnMap":{"0":{"name":"(anonymous_0)","decl":{"start":{"line":7,"column":12},"end":{"line":7,"column":13}},"loc":{"start":{"line":7,"column":18},"end":{"line":15,"column":1}},"line":7}},"branchMap":{},"s":{"0":2,"1":1},"f":{"0":1},"b":{},"_coverageSchema":"1a1c01bbd47fc00a2c39e90264f33305004495a9","hash":"b01d9475513f6933887f47b9da02f8f166d819aa"}
,"D:\\Test\\aoe\\card-game-react-typescript\\src\\index.tsx": {"path":"D:\\Test\\aoe\\card-game-react-typescript\\src\\index.tsx","statementMap":{"0":{"start":{"line":9,"column":18},"end":{"line":9,"column":64}},"1":{"start":{"line":10,"column":13},"end":{"line":10,"column":34}},"2":{"start":{"line":12,"column":0},"end":{"line":16,"column":2}}},"fnMap":{},"branchMap":{},"s":{"0":1,"1":1,"2":1},"f":{},"b":{},"_coverageSchema":"1a1c01bbd47fc00a2c39e90264f33305004495a9","hash":"7b79629def4366b04dc9c42bc1d7d8e9e8974aa8"}
,"D:\\Test\\aoe\\card-game-react-typescript\\src\\components\\Container\\index.tsx": {"path":"D:\\Test\\aoe\\card-game-react-typescript\\src\\components\\Container\\index.tsx","statementMap":{"0":{"start":{"line":3,"column":33},"end":{"line":7,"column":1}},"1":{"start":{"line":4,"column":2},"end":{"line":6,"column":8}}},"fnMap":{"0":{"name":"(anonymous_0)","decl":{"start":{"line":3,"column":33},"end":{"line":3,"column":34}},"loc":{"start":{"line":4,"column":2},"end":{"line":6,"column":8}},"line":4}},"branchMap":{},"s":{"0":2,"1":1},"f":{"0":1},"b":{},"_coverageSchema":"1a1c01bbd47fc00a2c39e90264f33305004495a9","hash":"7742a9ce365854821de0181d039d77ef11eb792e"}
,"D:\\Test\\aoe\\card-game-react-typescript\\src\\components\\ControlsSection\\index.tsx": {"path":"D:\\Test\\aoe\\card-game-react-typescript\\src\\components\\ControlsSection\\index.tsx","statementMap":{"0":{"start":{"line":8,"column":24},"end":{"line":76,"column":1}},"1":{"start":{"line":9,"column":34},"end":{"line":9,"column":63}},"2":{"start":{"line":10,"column":23},"end":{"line":10,"column":51}},"3":{"start":{"line":11,"column":36},"end":{"line":11,"column":51}},"4":{"start":{"line":13,"column":20},"end":{"line":15,"column":3}},"5":{"start":{"line":14,"column":4},"end":{"line":14,"column":60}},"6":{"start":{"line":17,"column":21},"end":{"line":19,"column":3}},"7":{"start":{"line":18,"column":4},"end":{"line":18,"column":61}},"8":{"start":{"line":21,"column":23},"end":{"line":30,"column":3}},"9":{"start":{"line":22,"column":4},"end":{"line":25,"column":5}},"10":{"start":{"line":23,"column":6},"end":{"line":23,"column":34}},"11":{"start":{"line":24,"column":6},"end":{"line":24,"column":13}},"12":{"start":{"line":27,"column":4},"end":{"line":27,"column":23}},"13":{"start":{"line":28,"column":4},"end":{"line":28,"column":66}},"14":{"start":{"line":29,"column":4},"end":{"line":29,"column":24}},"15":{"start":{"line":32,"column":2},"end":{"line":75,"column":4}}},"fnMap":{"0":{"name":"(anonymous_0)","decl":{"start":{"line":8,"column":24},"end":{"line":8,"column":25}},"loc":{"start":{"line":8,"column":30},"end":{"line":76,"column":1}},"line":8},"1":{"name":"(anonymous_1)","decl":{"start":{"line":13,"column":20},"end":{"line":13,"column":21}},"loc":{"start":{"line":13,"column":26},"end":{"line":15,"column":3}},"line":13},"2":{"name":"(anonymous_2)","decl":{"start":{"line":17,"column":21},"end":{"line":17,"column":22}},"loc":{"start":{"line":17,"column":27},"end":{"line":19,"column":3}},"line":17},"3":{"name":"(anonymous_3)","decl":{"start":{"line":21,"column":23},"end":{"line":21,"column":24}},"loc":{"start":{"line":21,"column":35},"end":{"line":30,"column":3}},"line":21}},"branchMap":{"0":{"loc":{"start":{"line":22,"column":4},"end":{"line":25,"column":5}},"type":"if","locations":[{"start":{"line":22,"column":4},"end":{"line":25,"column":5}},{"start":{},"end":{}}],"line":22},"1":{"loc":{"start":{"line":55,"column":15},"end":{"line":69,"column":15}},"type":"cond-expr","locations":[{"start":{"line":56,"column":16},"end":{"line":61,"column":25}},{"start":{"line":63,"column":16},"end":{"line":68,"column":25}}],"line":55}},"s":{"0":2,"1":6,"2":6,"3":6,"4":6,"5":1,"6":6,"7":1,"8":6,"9":2,"10":1,"11":1,"12":1,"13":1,"14":1,"15":6},"f":{"0":6,"1":1,"2":1,"3":2},"b":{"0":[1,1],"1":[1,5]},"_coverageSchema":"1a1c01bbd47fc00a2c39e90264f33305004495a9","hash":"d70bc2edbb76f563791db8654d6865ab6f20b4c1"}
,"D:\\Test\\aoe\\card-game-react-typescript\\src\\components\\DetailsSection\\index.tsx": {"path":"D:\\Test\\aoe\\card-game-react-typescript\\src\\components\\DetailsSection\\index.tsx","statementMap":{"0":{"start":{"line":11,"column":24},"end":{"line":34,"column":1}},"1":{"start":{"line":12,"column":23},"end":{"line":12,"column":56}},"2":{"start":{"line":14,"column":2},"end":{"line":33,"column":4}}},"fnMap":{"0":{"name":"(anonymous_0)","decl":{"start":{"line":11,"column":24},"end":{"line":11,"column":25}},"loc":{"start":{"line":11,"column":30},"end":{"line":34,"column":1}},"line":11}},"branchMap":{"0":{"loc":{"start":{"line":19,"column":11},"end":{"line":29,"column":11}},"type":"cond-expr","locations":[{"start":{"line":20,"column":12},"end":{"line":26,"column":17}},{"start":{"line":28,"column":12},"end":{"line":28,"column":69}}],"line":19}},"s":{"0":2,"1":2,"2":2},"f":{"0":2},"b":{"0":[1,1]},"_coverageSchema":"1a1c01bbd47fc00a2c39e90264f33305004495a9","hash":"6796bd9bd816d0ca632d0adf0078ee156f36ab93"}
,"D:\\Test\\aoe\\card-game-react-typescript\\src\\components\\OverviewSection\\index.tsx": {"path":"D:\\Test\\aoe\\card-game-react-typescript\\src\\components\\OverviewSection\\index.tsx","statementMap":{"0":{"start":{"line":7,"column":24},"end":{"line":43,"column":1}},"1":{"start":{"line":8,"column":34},"end":{"line":8,"column":63}},"2":{"start":{"line":9,"column":26},"end":{"line":9,"column":62}},"3":{"start":{"line":11,"column":23},"end":{"line":13,"column":3}},"4":{"start":{"line":12,"column":4},"end":{"line":12,"column":35}},"5":{"start":{"line":15,"column":2},"end":{"line":17,"column":9}},"6":{"start":{"line":16,"column":4},"end":{"line":16,"column":23}},"7":{"start":{"line":19,"column":2},"end":{"line":42,"column":4}},"8":{"start":{"line":24,"column":10},"end":{"line":38,"column":16}},"9":{"start":{"line":27,"column":27},"end":{"line":27,"column":44}}},"fnMap":{"0":{"name":"(anonymous_0)","decl":{"start":{"line":7,"column":24},"end":{"line":7,"column":25}},"loc":{"start":{"line":7,"column":30},"end":{"line":43,"column":1}},"line":7},"1":{"name":"(anonymous_1)","decl":{"start":{"line":11,"column":23},"end":{"line":11,"column":24}},"loc":{"start":{"line":11,"column":40},"end":{"line":13,"column":3}},"line":11},"2":{"name":"(anonymous_2)","decl":{"start":{"line":15,"column":12},"end":{"line":15,"column":13}},"loc":{"start":{"line":15,"column":18},"end":{"line":17,"column":3}},"line":15},"3":{"name":"(anonymous_3)","decl":{"start":{"line":23,"column":22},"end":{"line":23,"column":23}},"loc":{"start":{"line":24,"column":10},"end":{"line":38,"column":16}},"line":24},"4":{"name":"(anonymous_4)","decl":{"start":{"line":27,"column":21},"end":{"line":27,"column":22}},"loc":{"start":{"line":27,"column":27},"end":{"line":27,"column":44}},"line":27}},"branchMap":{},"s":{"0":2,"1":2,"2":2,"3":2,"4":1,"5":2,"6":1,"7":2,"8":12,"9":1},"f":{"0":2,"1":1,"2":1,"3":12,"4":1},"b":{},"_coverageSchema":"1a1c01bbd47fc00a2c39e90264f33305004495a9","hash":"d187be2a27ecd504eed981b371e678393457539d"}
}
